<?xml version="1.0" encoding="UTF-8"?>
<coverage generated="1761328621">
  <project timestamp="1761328621">
    <file name="/temp/testing/xctx/src/Xctx/Codec.php">
      <class name="ArieDeha\Xctx\Codec" namespace="global">
        <metrics complexity="40" methods="8" coveredmethods="6" conditionals="0" coveredconditionals="0" statements="120" coveredstatements="115" elements="128" coveredelements="121"/>
      </class>
      <line num="101" type="method" name="__construct" visibility="public" complexity="2" crap="2" count="21"/>
      <line num="107" type="stmt" count="21"/>
      <line num="110" type="stmt" count="21"/>
      <line num="116" type="method" name="aad" visibility="private" complexity="2" crap="2" count="9"/>
      <line num="118" type="stmt" count="9"/>
      <line num="136" type="method" name="embedHeader" visibility="public" complexity="5" crap="5" count="10"/>
      <line num="138" type="stmt" count="10"/>
      <line num="140" type="stmt" count="10"/>
      <line num="141" type="stmt" count="10"/>
      <line num="142" type="stmt" count="10"/>
      <line num="143" type="stmt" count="10"/>
      <line num="144" type="stmt" count="10"/>
      <line num="145" type="stmt" count="10"/>
      <line num="146" type="stmt" count="10"/>
      <line num="147" type="stmt" count="10"/>
      <line num="148" type="stmt" count="10"/>
      <line num="149" type="stmt" count="10"/>
      <line num="150" type="stmt" count="10"/>
      <line num="151" type="stmt" count="10"/>
      <line num="152" type="stmt" count="1"/>
      <line num="155" type="stmt" count="9"/>
      <line num="156" type="stmt" count="9"/>
      <line num="158" type="stmt" count="9"/>
      <line num="159" type="stmt" count="9"/>
      <line num="160" type="stmt" count="9"/>
      <line num="161" type="stmt" count="1"/>
      <line num="164" type="stmt" count="8"/>
      <line num="165" type="stmt" count="8"/>
      <line num="166" type="stmt" count="8"/>
      <line num="167" type="stmt" count="8"/>
      <line num="168" type="stmt" count="8"/>
      <line num="170" type="stmt" count="8"/>
      <line num="171" type="stmt" count="8"/>
      <line num="172" type="stmt" count="8"/>
      <line num="173" type="stmt" count="8"/>
      <line num="174" type="stmt" count="1"/>
      <line num="177" type="stmt" count="7"/>
      <line num="178" type="stmt" count="7"/>
      <line num="196" type="method" name="setHeader" visibility="public" complexity="3" crap="3" count="3"/>
      <line num="198" type="stmt" count="3"/>
      <line num="199" type="stmt" count="3"/>
      <line num="200" type="stmt" count="1"/>
      <line num="202" type="stmt" count="2"/>
      <line num="203" type="stmt" count="1"/>
      <line num="206" type="stmt" count="1"/>
      <line num="207" type="stmt" count="1"/>
      <line num="229" type="method" name="parseHeaderValue" visibility="public" complexity="22" crap="22.14" count="14"/>
      <line num="231" type="stmt" count="14"/>
      <line num="232" type="stmt" count="1"/>
      <line num="235" type="stmt" count="13"/>
      <line num="236" type="stmt" count="12"/>
      <line num="238" type="stmt" count="11"/>
      <line num="239" type="stmt" count="11"/>
      <line num="240" type="stmt" count="11"/>
      <line num="241" type="stmt" count="11"/>
      <line num="242" type="stmt" count="11"/>
      <line num="244" type="stmt" count="11"/>
      <line num="245" type="stmt" count="0"/>
      <line num="247" type="stmt" count="11"/>
      <line num="248" type="stmt" count="11"/>
      <line num="250" type="stmt" count="11"/>
      <line num="251" type="stmt" count="1"/>
      <line num="254" type="stmt" count="10"/>
      <line num="255" type="stmt" count="1"/>
      <line num="258" type="stmt" count="9"/>
      <line num="259" type="stmt" count="9"/>
      <line num="260" type="stmt" count="1"/>
      <line num="263" type="stmt" count="8"/>
      <line num="264" type="stmt" count="8"/>
      <line num="265" type="stmt" count="8"/>
      <line num="266" type="stmt" count="1"/>
      <line num="269" type="stmt" count="7"/>
      <line num="270" type="stmt" count="7"/>
      <line num="272" type="stmt" count="7"/>
      <line num="273" type="stmt" count="7"/>
      <line num="274" type="stmt" count="0"/>
      <line num="277" type="stmt" count="7"/>
      <line num="278" type="stmt" count="7"/>
      <line num="279" type="stmt" count="1"/>
      <line num="283" type="stmt" count="6"/>
      <line num="284" type="stmt" count="6"/>
      <line num="286" type="stmt" count="6"/>
      <line num="287" type="stmt" count="6"/>
      <line num="288" type="stmt" count="6"/>
      <line num="290" type="stmt" count="6"/>
      <line num="291" type="stmt" count="1"/>
      <line num="293" type="stmt" count="5"/>
      <line num="294" type="stmt" count="1"/>
      <line num="296" type="stmt" count="4"/>
      <line num="297" type="stmt" count="1"/>
      <line num="300" type="stmt" count="3"/>
      <line num="301" type="stmt" count="3"/>
      <line num="303" type="stmt" count="3"/>
      <line num="304" type="stmt" count="0"/>
      <line num="306" type="stmt" count="3"/>
      <line num="307" type="stmt" count="0"/>
      <line num="310" type="stmt" count="3"/>
      <line num="311" type="stmt" count="3"/>
      <line num="312" type="stmt" count="1"/>
      <line num="315" type="stmt" count="2"/>
      <line num="316" type="stmt" count="2"/>
      <line num="317" type="stmt" count="2"/>
      <line num="318" type="stmt" count="2"/>
      <line num="319" type="stmt" count="2"/>
      <line num="320" type="stmt" count="2"/>
      <line num="321" type="stmt" count="2"/>
      <line num="322" type="stmt" count="2"/>
      <line num="324" type="stmt" count="2"/>
      <line num="340" type="method" name="parseFromRequest" visibility="public" complexity="4" crap="4.02" count="3"/>
      <line num="342" type="stmt" count="3"/>
      <line num="343" type="stmt" count="3"/>
      <line num="344" type="stmt" count="1"/>
      <line num="346" type="stmt" count="2"/>
      <line num="347" type="stmt" count="0"/>
      <line num="350" type="stmt" count="2"/>
      <line num="351" type="stmt" count="2"/>
      <line num="352" type="stmt" count="1"/>
      <line num="354" type="stmt" count="1"/>
      <line num="376" type="method" name="buildFromEnv" visibility="public" complexity="1" crap="1" count="21"/>
      <line num="378" type="stmt" count="21"/>
      <line num="379" type="stmt" count="21"/>
      <line num="380" type="stmt" count="21"/>
      <line num="382" type="stmt" count="21"/>
      <line num="383" type="stmt" count="21"/>
      <line num="387" type="method" name="canonAlg" visibility="private" complexity="1" crap="1" count="11"/>
      <line num="390" type="stmt" count="11"/>
      <line num="391" type="stmt" count="11"/>
      <line num="392" type="stmt" count="11"/>
      <metrics loc="393" ncloc="226" classes="1" methods="8" coveredmethods="6" conditionals="0" coveredconditionals="0" statements="120" coveredstatements="115" elements="128" coveredelements="121"/>
    </file>
    <file name="/temp/testing/xctx/src/Xctx/Config.php">
      <class name="ArieDeha\Xctx\Config" namespace="global">
        <metrics complexity="50" methods="7" coveredmethods="6" conditionals="0" coveredconditionals="0" statements="63" coveredstatements="62" elements="70" coveredelements="68"/>
      </class>
      <line num="33" type="method" name="__construct" visibility="public" complexity="1" crap="1" count="31"/>
      <line num="43" type="stmt" count="31"/>
      <line num="46" type="method" name="fromEnv" visibility="public" complexity="10" crap="10.03" count="26"/>
      <line num="48" type="stmt" count="26"/>
      <line num="49" type="stmt" count="26"/>
      <line num="50" type="stmt" count="26"/>
      <line num="51" type="stmt" count="26"/>
      <line num="52" type="stmt" count="26"/>
      <line num="53" type="stmt" count="2"/>
      <line num="55" type="stmt" count="25"/>
      <line num="56" type="stmt" count="25"/>
      <line num="57" type="stmt" count="1"/>
      <line num="59" type="stmt" count="25"/>
      <line num="60" type="stmt" count="1"/>
      <line num="62" type="stmt" count="25"/>
      <line num="63" type="stmt" count="25"/>
      <line num="64" type="stmt" count="0"/>
      <line num="66" type="stmt" count="25"/>
      <line num="70" type="method" name="merge" visibility="public" complexity="10" crap="10" count="22"/>
      <line num="72" type="stmt" count="22"/>
      <line num="73" type="stmt" count="22"/>
      <line num="74" type="stmt" count="22"/>
      <line num="75" type="stmt" count="22"/>
      <line num="76" type="stmt" count="22"/>
      <line num="77" type="stmt" count="22"/>
      <line num="78" type="stmt" count="22"/>
      <line num="80" type="stmt" count="22"/>
      <line num="84" type="method" name="validate" visibility="public" complexity="10" crap="10" count="26"/>
      <line num="86" type="stmt" count="26"/>
      <line num="87" type="stmt" count="25"/>
      <line num="88" type="stmt" count="24"/>
      <line num="89" type="stmt" count="23"/>
      <line num="90" type="stmt" count="22"/>
      <line num="91" type="stmt" count="1"/>
      <line num="92" type="stmt" count="1"/>
      <line num="100" type="method" name="decodeKeyString" visibility="public" complexity="9" crap="9" count="6"/>
      <line num="102" type="stmt" count="6"/>
      <line num="105" type="stmt" count="6"/>
      <line num="106" type="stmt" count="4"/>
      <line num="107" type="stmt" count="4"/>
      <line num="111" type="stmt" count="6"/>
      <line num="112" type="stmt" count="6"/>
      <line num="113" type="stmt" count="1"/>
      <line num="114" type="stmt" count="1"/>
      <line num="115" type="stmt" count="6"/>
      <line num="116" type="stmt" count="6"/>
      <line num="117" type="stmt" count="6"/>
      <line num="118" type="stmt" count="6"/>
      <line num="122" type="stmt" count="4"/>
      <line num="124" type="stmt" count="1"/>
      <line num="128" type="method" name="parseOtherKeys" visibility="public" complexity="5" crap="5" count="4"/>
      <line num="130" type="stmt" count="4"/>
      <line num="131" type="stmt" count="4"/>
      <line num="132" type="stmt" count="4"/>
      <line num="133" type="stmt" count="4"/>
      <line num="134" type="stmt" count="4"/>
      <line num="135" type="stmt" count="4"/>
      <line num="136" type="stmt" count="3"/>
      <line num="137" type="stmt" count="3"/>
      <line num="138" type="stmt" count="3"/>
      <line num="139" type="stmt" count="3"/>
      <line num="140" type="stmt" count="2"/>
      <line num="142" type="stmt" count="2"/>
      <line num="146" type="method" name="parseDurationSeconds" visibility="public" complexity="5" crap="5" count="2"/>
      <line num="148" type="stmt" count="2"/>
      <line num="149" type="stmt" count="2"/>
      <line num="150" type="stmt" count="2"/>
      <line num="151" type="stmt" count="2"/>
      <line num="152" type="stmt" count="2"/>
      <line num="153" type="stmt" count="1"/>
      <metrics loc="155" ncloc="122" classes="1" methods="7" coveredmethods="6" conditionals="0" coveredconditionals="0" statements="63" coveredstatements="62" elements="70" coveredelements="68"/>
    </file>
    <file name="/temp/testing/xctx/src/Xctx/Exception/CryptoException.php">
      <class name="ArieDeha\Xctx\Exception\CryptoException" namespace="global">
        <metrics complexity="0" methods="0" coveredmethods="0" conditionals="0" coveredconditionals="0" statements="0" coveredstatements="0" elements="0" coveredelements="0"/>
      </class>
      <metrics loc="24" ncloc="9" classes="0" methods="0" coveredmethods="0" conditionals="0" coveredconditionals="0" statements="0" coveredstatements="0" elements="0" coveredelements="0"/>
    </file>
    <file name="/temp/testing/xctx/src/Xctx/Exception/ValidationException.php">
      <class name="ArieDeha\Xctx\Exception\ValidationException" namespace="global">
        <metrics complexity="0" methods="0" coveredmethods="0" conditionals="0" coveredconditionals="0" statements="0" coveredstatements="0" elements="0" coveredelements="0"/>
      </class>
      <metrics loc="24" ncloc="9" classes="0" methods="0" coveredmethods="0" conditionals="0" coveredconditionals="0" statements="0" coveredstatements="0" elements="0" coveredelements="0"/>
    </file>
    <file name="/temp/testing/xctx/src/Xctx/Exception/XctxException.php">
      <class name="ArieDeha\Xctx\Exception\XctxException" namespace="global">
        <metrics complexity="0" methods="0" coveredmethods="0" conditionals="0" coveredconditionals="0" statements="0" coveredstatements="0" elements="0" coveredelements="0"/>
      </class>
      <metrics loc="24" ncloc="9" classes="0" methods="0" coveredmethods="0" conditionals="0" coveredconditionals="0" statements="0" coveredstatements="0" elements="0" coveredelements="0"/>
    </file>
    <file name="/temp/testing/xctx/src/Xctx/Keyring.php">
      <class name="ArieDeha\Xctx\Keyring" namespace="global">
        <metrics complexity="13" methods="4" coveredmethods="4" conditionals="0" coveredconditionals="0" statements="13" coveredstatements="13" elements="17" coveredelements="17"/>
      </class>
      <line num="27" type="method" name="__construct" visibility="public" complexity="1" crap="1" count="28"/>
      <line num="32" type="stmt" count="28"/>
      <line num="35" type="method" name="validate" visibility="private" complexity="9" crap="9" count="28"/>
      <line num="37" type="stmt" count="28"/>
      <line num="38" type="stmt" count="1"/>
      <line num="40" type="stmt" count="27"/>
      <line num="41" type="stmt" count="1"/>
      <line num="43" type="stmt" count="26"/>
      <line num="44" type="stmt" count="5"/>
      <line num="45" type="stmt" count="2"/>
      <line num="47" type="stmt" count="3"/>
      <line num="48" type="stmt" count="1"/>
      <line num="54" type="method" name="encKey" visibility="public" complexity="1" crap="1" count="12"/>
      <line num="57" type="method" name="decKey" visibility="public" complexity="2" crap="2" count="11"/>
      <line num="59" type="stmt" count="11"/>
      <line num="60" type="stmt" count="3"/>
      <metrics loc="62" ncloc="44" classes="1" methods="4" coveredmethods="4" conditionals="0" coveredconditionals="0" statements="13" coveredstatements="13" elements="17" coveredelements="17"/>
    </file>
    <file name="/temp/testing/xctx/src/Xctx/Util/Base64Url.php">
      <class name="ArieDeha\Xctx\Util\Base64Url" namespace="global">
        <metrics complexity="4" methods="2" coveredmethods="2" conditionals="0" coveredconditionals="0" statements="8" coveredstatements="8" elements="10" coveredelements="10"/>
      </class>
      <line num="35" type="method" name="encode" visibility="public" complexity="1" crap="1" count="14"/>
      <line num="37" type="stmt" count="14"/>
      <line num="46" type="method" name="decode" visibility="public" complexity="3" crap="3" count="21"/>
      <line num="48" type="stmt" count="21"/>
      <line num="49" type="stmt" count="21"/>
      <line num="50" type="stmt" count="21"/>
      <line num="51" type="stmt" count="21"/>
      <line num="52" type="stmt" count="21"/>
      <line num="53" type="stmt" count="3"/>
      <line num="55" type="stmt" count="18"/>
      <metrics loc="57" ncloc="27" classes="1" methods="2" coveredmethods="2" conditionals="0" coveredconditionals="0" statements="8" coveredstatements="8" elements="10" coveredelements="10"/>
    </file>
    <metrics files="7" loc="739" ncloc="446" classes="4" methods="21" coveredmethods="18" conditionals="0" coveredconditionals="0" statements="204" coveredstatements="198" elements="225" coveredelements="216"/>
  </project>
</coverage>
