mode: set
github.com/ArieDeha/xctx/xctx.go:92.101,93.29 1 1
github.com/ArieDeha/xctx/xctx.go:93.29,95.3 1 1
github.com/ArieDeha/xctx/xctx.go:96.2,97.29 2 1
github.com/ArieDeha/xctx/xctx.go:97.29,98.19 1 1
github.com/ArieDeha/xctx/xctx.go:98.19,100.4 1 1
github.com/ArieDeha/xctx/xctx.go:101.3,101.16 1 1
github.com/ArieDeha/xctx/xctx.go:103.2,103.58 1 1
github.com/ArieDeha/xctx/xctx.go:107.39,107.62 1 0
github.com/ArieDeha/xctx/xctx.go:126.50,128.2 1 1
github.com/ArieDeha/xctx/xctx.go:140.60,141.46 1 1
github.com/ArieDeha/xctx/xctx.go:141.46,144.3 2 1
github.com/ArieDeha/xctx/xctx.go:149.58,150.59 1 1
github.com/ArieDeha/xctx/xctx.go:150.59,152.3 1 1
github.com/ArieDeha/xctx/xctx.go:184.51,184.78 1 1
github.com/ArieDeha/xctx/xctx.go:184.78,184.101 1 1
github.com/ArieDeha/xctx/xctx.go:188.46,188.73 1 1
github.com/ArieDeha/xctx/xctx.go:188.73,188.91 1 1
github.com/ArieDeha/xctx/xctx.go:192.48,192.75 1 1
github.com/ArieDeha/xctx/xctx.go:192.75,192.95 1 1
github.com/ArieDeha/xctx/xctx.go:195.50,195.77 1 1
github.com/ArieDeha/xctx/xctx.go:195.77,195.92 1 1
github.com/ArieDeha/xctx/xctx.go:198.54,198.81 1 1
github.com/ArieDeha/xctx/xctx.go:198.81,198.99 1 1
github.com/ArieDeha/xctx/xctx.go:201.52,201.79 1 1
github.com/ArieDeha/xctx/xctx.go:201.79,201.96 1 1
github.com/ArieDeha/xctx/xctx.go:205.55,205.82 1 1
github.com/ArieDeha/xctx/xctx.go:205.82,205.102 1 1
github.com/ArieDeha/xctx/xctx.go:217.64,223.25 2 1
github.com/ArieDeha/xctx/xctx.go:223.25,225.3 1 1
github.com/ArieDeha/xctx/xctx.go:226.2,226.10 1 1
github.com/ArieDeha/xctx/xctx.go:242.80,243.22 1 1
github.com/ArieDeha/xctx/xctx.go:243.22,245.3 1 1
github.com/ArieDeha/xctx/xctx.go:246.2,247.16 2 1
github.com/ArieDeha/xctx/xctx.go:247.16,249.3 1 1
github.com/ArieDeha/xctx/xctx.go:250.2,251.16 2 1
github.com/ArieDeha/xctx/xctx.go:251.16,253.3 1 1
github.com/ArieDeha/xctx/xctx.go:254.2,254.31 1 1
github.com/ArieDeha/xctx/xctx.go:259.76,261.16 2 1
github.com/ArieDeha/xctx/xctx.go:261.16,263.3 1 1
github.com/ArieDeha/xctx/xctx.go:264.2,265.12 2 1
github.com/ArieDeha/xctx/xctx.go:275.74,279.15 3 1
github.com/ArieDeha/xctx/xctx.go:279.15,281.3 1 1
github.com/ArieDeha/xctx/xctx.go:282.2,282.36 1 1
github.com/ArieDeha/xctx/xctx.go:282.36,284.3 1 1
github.com/ArieDeha/xctx/xctx.go:286.2,287.68 2 1
github.com/ArieDeha/xctx/xctx.go:287.68,289.3 1 1
github.com/ArieDeha/xctx/xctx.go:290.2,290.43 1 1
github.com/ArieDeha/xctx/xctx.go:290.43,292.3 1 1
github.com/ArieDeha/xctx/xctx.go:293.2,294.9 2 1
github.com/ArieDeha/xctx/xctx.go:294.9,296.3 1 1
github.com/ArieDeha/xctx/xctx.go:298.2,299.16 2 1
github.com/ArieDeha/xctx/xctx.go:299.16,301.3 1 1
github.com/ArieDeha/xctx/xctx.go:302.2,303.16 2 1
github.com/ArieDeha/xctx/xctx.go:303.16,305.3 1 1
github.com/ArieDeha/xctx/xctx.go:307.2,309.16 3 1
github.com/ArieDeha/xctx/xctx.go:309.16,311.3 1 1
github.com/ArieDeha/xctx/xctx.go:313.2,314.48 2 1
github.com/ArieDeha/xctx/xctx.go:314.48,316.3 1 1
github.com/ArieDeha/xctx/xctx.go:318.2,319.35 2 1
github.com/ArieDeha/xctx/xctx.go:319.35,321.3 1 1
github.com/ArieDeha/xctx/xctx.go:322.2,322.62 1 1
github.com/ArieDeha/xctx/xctx.go:322.62,324.3 1 1
github.com/ArieDeha/xctx/xctx.go:325.2,325.58 1 1
github.com/ArieDeha/xctx/xctx.go:325.58,327.3 1 0
github.com/ArieDeha/xctx/xctx.go:329.2,329.21 1 1
github.com/ArieDeha/xctx/xctx.go:329.21,331.3 1 1
github.com/ArieDeha/xctx/xctx.go:332.2,332.33 1 0
github.com/ArieDeha/xctx/xctx.go:364.70,366.16 2 1
github.com/ArieDeha/xctx/xctx.go:366.16,368.3 1 1
github.com/ArieDeha/xctx/xctx.go:369.2,379.25 3 1
github.com/ArieDeha/xctx/xctx.go:384.60,387.58 3 1
github.com/ArieDeha/xctx/xctx.go:387.58,389.3 1 1
github.com/ArieDeha/xctx/xctx.go:390.2,392.16 3 1
github.com/ArieDeha/xctx/xctx.go:392.16,394.3 1 0
github.com/ArieDeha/xctx/xctx.go:395.2,403.39 3 1
github.com/ArieDeha/xctx/xctx.go:407.37,408.24 1 1
github.com/ArieDeha/xctx/xctx.go:408.24,410.3 1 1
github.com/ArieDeha/xctx/xctx.go:411.2,411.22 1 1
github.com/ArieDeha/xctx/xctx.go:415.43,417.16 2 1
github.com/ArieDeha/xctx/xctx.go:417.16,419.3 1 0
github.com/ArieDeha/xctx/xctx.go:420.2,420.29 1 1
github.com/ArieDeha/xctx/xctx.go:424.61,426.16 2 1
github.com/ArieDeha/xctx/xctx.go:426.16,428.3 1 0
github.com/ArieDeha/xctx/xctx.go:429.2,429.44 1 1
github.com/ArieDeha/xctx/xctx.go:433.58,435.16 2 1
github.com/ArieDeha/xctx/xctx.go:435.16,437.3 1 0
github.com/ArieDeha/xctx/xctx.go:438.2,438.36 1 1
github.com/ArieDeha/xctx/xctx.go:442.39,442.89 1 1
github.com/ArieDeha/xctx/xctx.go:443.39,443.87 1 1
github.com/ArieDeha/xctx/xctx.go:444.39,444.70 2 1
github.com/ArieDeha/xctx/xctx.go:449.36,455.2 5 1
github.com/ArieDeha/xctx/xctx_config.go:87.38,95.60 6 1
github.com/ArieDeha/xctx/xctx_config.go:95.60,97.17 2 1
github.com/ArieDeha/xctx/xctx_config.go:97.17,99.4 1 1
github.com/ArieDeha/xctx/xctx_config.go:100.3,100.14 1 1
github.com/ArieDeha/xctx/xctx_config.go:103.2,105.68 2 1
github.com/ArieDeha/xctx/xctx_config.go:105.68,107.17 2 1
github.com/ArieDeha/xctx/xctx_config.go:107.17,109.4 1 1
github.com/ArieDeha/xctx/xctx_config.go:110.3,110.21 1 1
github.com/ArieDeha/xctx/xctx_config.go:113.2,113.67 1 1
github.com/ArieDeha/xctx/xctx_config.go:113.67,115.17 2 1
github.com/ArieDeha/xctx/xctx_config.go:115.17,117.4 1 1
github.com/ArieDeha/xctx/xctx_config.go:118.3,118.18 1 1
github.com/ArieDeha/xctx/xctx_config.go:121.2,121.15 1 1
github.com/ArieDeha/xctx/xctx_config.go:127.48,129.32 2 1
github.com/ArieDeha/xctx/xctx_config.go:129.32,131.3 1 1
github.com/ArieDeha/xctx/xctx_config.go:132.2,132.28 1 1
github.com/ArieDeha/xctx/xctx_config.go:132.28,134.3 1 1
github.com/ArieDeha/xctx/xctx_config.go:135.2,135.30 1 1
github.com/ArieDeha/xctx/xctx_config.go:135.30,137.3 1 1
github.com/ArieDeha/xctx/xctx_config.go:138.2,138.23 1 1
github.com/ArieDeha/xctx/xctx_config.go:138.23,140.3 1 1
github.com/ArieDeha/xctx/xctx_config.go:141.2,141.32 1 1
github.com/ArieDeha/xctx/xctx_config.go:141.32,143.3 1 1
github.com/ArieDeha/xctx/xctx_config.go:144.2,144.35 1 1
github.com/ArieDeha/xctx/xctx_config.go:144.35,146.3 1 1
github.com/ArieDeha/xctx/xctx_config.go:147.2,147.32 1 1
github.com/ArieDeha/xctx/xctx_config.go:147.32,149.3 1 1
github.com/ArieDeha/xctx/xctx_config.go:150.2,150.34 1 1
github.com/ArieDeha/xctx/xctx_config.go:150.34,152.3 1 0
github.com/ArieDeha/xctx/xctx_config.go:153.2,153.12 1 1
github.com/ArieDeha/xctx/xctx_config.go:158.39,160.26 2 1
github.com/ArieDeha/xctx/xctx_config.go:160.26,162.3 1 1
github.com/ArieDeha/xctx/xctx_config.go:163.2,163.18 1 1
github.com/ArieDeha/xctx/xctx_config.go:163.18,165.3 1 0
github.com/ArieDeha/xctx/xctx_config.go:166.2,166.28 1 1
github.com/ArieDeha/xctx/xctx_config.go:166.28,168.3 1 1
github.com/ArieDeha/xctx/xctx_config.go:169.2,169.12 1 1
github.com/ArieDeha/xctx/xctx_config.go:174.34,175.24 1 1
github.com/ArieDeha/xctx/xctx_config.go:175.24,177.3 1 0
github.com/ArieDeha/xctx/xctx_config.go:178.2,178.24 1 1
github.com/ArieDeha/xctx/xctx_config.go:178.24,180.3 1 1
github.com/ArieDeha/xctx/xctx_config.go:181.2,181.29 1 1
github.com/ArieDeha/xctx/xctx_config.go:181.29,183.3 1 1
github.com/ArieDeha/xctx/xctx_config.go:184.2,184.34 1 1
github.com/ArieDeha/xctx/xctx_config.go:184.34,185.19 1 1
github.com/ArieDeha/xctx/xctx_config.go:185.19,187.4 1 0
github.com/ArieDeha/xctx/xctx_config.go:189.2,189.16 1 1
github.com/ArieDeha/xctx/xctx_config.go:189.16,191.3 1 1
github.com/ArieDeha/xctx/xctx_config.go:192.2,192.12 1 1
github.com/ArieDeha/xctx/xctx_config.go:197.44,199.16 2 1
github.com/ArieDeha/xctx/xctx_config.go:199.16,201.3 1 1
github.com/ArieDeha/xctx/xctx_config.go:202.2,203.39 2 1
github.com/ArieDeha/xctx/xctx_config.go:203.39,205.3 1 1
github.com/ArieDeha/xctx/xctx_config.go:206.2,206.17 1 1
github.com/ArieDeha/xctx/xctx_config.go:211.116,212.39 1 1
github.com/ArieDeha/xctx/xctx_config.go:212.39,214.3 1 0
github.com/ArieDeha/xctx/xctx_config.go:215.2,216.16 2 1
github.com/ArieDeha/xctx/xctx_config.go:216.16,218.3 1 0
github.com/ArieDeha/xctx/xctx_config.go:219.2,225.20 2 1
github.com/ArieDeha/xctx/xctx_config.go:225.20,227.3 1 1
github.com/ArieDeha/xctx/xctx_config.go:228.2,228.19 1 1
github.com/ArieDeha/xctx/xctx_config.go:228.19,230.3 1 1
github.com/ArieDeha/xctx/xctx_config.go:231.2,231.16 1 1
github.com/ArieDeha/xctx/xctx_config.go:231.16,233.3 1 1
github.com/ArieDeha/xctx/xctx_config.go:234.2,234.38 1 1
github.com/ArieDeha/xctx/xctx_config.go:239.124,241.16 2 1
github.com/ArieDeha/xctx/xctx_config.go:241.16,243.3 1 0
github.com/ArieDeha/xctx/xctx_config.go:244.2,244.49 1 1
github.com/ArieDeha/xctx/xctx_config.go:253.112,254.39 1 1
github.com/ArieDeha/xctx/xctx_config.go:254.39,256.3 1 0
github.com/ArieDeha/xctx/xctx_config.go:257.2,258.16 2 1
github.com/ArieDeha/xctx/xctx_config.go:258.16,260.3 1 0
github.com/ArieDeha/xctx/xctx_config.go:261.2,262.16 2 1
github.com/ArieDeha/xctx/xctx_config.go:262.16,264.3 1 1
github.com/ArieDeha/xctx/xctx_config.go:264.8,266.17 2 1
github.com/ArieDeha/xctx/xctx_config.go:266.17,268.4 1 0
github.com/ArieDeha/xctx/xctx_config.go:269.3,269.27 1 1
github.com/ArieDeha/xctx/xctx_config.go:271.2,279.16 2 1
github.com/ArieDeha/xctx/xctx_config.go:279.16,281.3 1 1
github.com/ArieDeha/xctx/xctx_config.go:282.2,282.41 1 1
github.com/ArieDeha/xctx/xctx_config.go:287.120,289.16 2 1
github.com/ArieDeha/xctx/xctx_config.go:289.16,291.3 1 1
github.com/ArieDeha/xctx/xctx_config.go:292.2,292.44 1 1
github.com/ArieDeha/xctx/xctx_config.go:299.48,301.13 2 1
github.com/ArieDeha/xctx/xctx_config.go:301.13,303.3 1 0
github.com/ArieDeha/xctx/xctx_config.go:304.2,305.34 1 1
github.com/ArieDeha/xctx/xctx_config.go:305.34,305.82 1 1
github.com/ArieDeha/xctx/xctx_config.go:306.34,306.79 1 1
github.com/ArieDeha/xctx/xctx_config.go:307.34,307.64 1 1
github.com/ArieDeha/xctx/xctx_config.go:308.34,308.59 1 1
github.com/ArieDeha/xctx/xctx_config.go:310.2,310.26 1 1
github.com/ArieDeha/xctx/xctx_config.go:310.26,312.33 2 1
github.com/ArieDeha/xctx/xctx_config.go:312.33,314.4 1 1
github.com/ArieDeha/xctx/xctx_config.go:316.2,316.67 1 1
github.com/ArieDeha/xctx/xctx_config.go:321.58,323.45 2 1
github.com/ArieDeha/xctx/xctx_config.go:323.45,325.17 2 1
github.com/ArieDeha/xctx/xctx_config.go:325.17,326.12 1 0
github.com/ArieDeha/xctx/xctx_config.go:328.3,329.19 2 1
github.com/ArieDeha/xctx/xctx_config.go:329.19,331.4 1 1
github.com/ArieDeha/xctx/xctx_config.go:332.3,333.16 2 1
github.com/ArieDeha/xctx/xctx_config.go:333.16,335.4 1 0
github.com/ArieDeha/xctx/xctx_config.go:336.3,337.17 2 1
github.com/ArieDeha/xctx/xctx_config.go:337.17,339.4 1 1
github.com/ArieDeha/xctx/xctx_config.go:340.3,340.15 1 1
github.com/ArieDeha/xctx/xctx_config.go:342.2,342.15 1 1
