mode: set
github.com/ArieDeha/xctx/xctx.go:78.101,79.29 1 1
github.com/ArieDeha/xctx/xctx.go:79.29,81.3 1 1
github.com/ArieDeha/xctx/xctx.go:82.2,83.29 2 1
github.com/ArieDeha/xctx/xctx.go:83.29,84.19 1 1
github.com/ArieDeha/xctx/xctx.go:84.19,86.4 1 1
github.com/ArieDeha/xctx/xctx.go:87.3,87.16 1 1
github.com/ArieDeha/xctx/xctx.go:89.2,89.58 1 1
github.com/ArieDeha/xctx/xctx.go:93.39,93.62 1 0
github.com/ArieDeha/xctx/xctx.go:112.50,114.2 1 1
github.com/ArieDeha/xctx/xctx.go:126.60,127.46 1 1
github.com/ArieDeha/xctx/xctx.go:127.46,130.3 2 1
github.com/ArieDeha/xctx/xctx.go:135.58,136.59 1 1
github.com/ArieDeha/xctx/xctx.go:136.59,138.3 1 1
github.com/ArieDeha/xctx/xctx.go:170.51,170.78 1 1
github.com/ArieDeha/xctx/xctx.go:170.78,170.101 1 1
github.com/ArieDeha/xctx/xctx.go:174.46,174.73 1 1
github.com/ArieDeha/xctx/xctx.go:174.73,174.91 1 1
github.com/ArieDeha/xctx/xctx.go:178.48,178.75 1 1
github.com/ArieDeha/xctx/xctx.go:178.75,178.95 1 1
github.com/ArieDeha/xctx/xctx.go:181.50,181.77 1 1
github.com/ArieDeha/xctx/xctx.go:181.77,181.92 1 1
github.com/ArieDeha/xctx/xctx.go:184.54,184.81 1 1
github.com/ArieDeha/xctx/xctx.go:184.81,184.99 1 1
github.com/ArieDeha/xctx/xctx.go:187.52,187.79 1 1
github.com/ArieDeha/xctx/xctx.go:187.79,187.96 1 1
github.com/ArieDeha/xctx/xctx.go:191.55,191.82 1 1
github.com/ArieDeha/xctx/xctx.go:191.82,191.102 1 1
github.com/ArieDeha/xctx/xctx.go:203.64,209.25 2 1
github.com/ArieDeha/xctx/xctx.go:209.25,211.3 1 1
github.com/ArieDeha/xctx/xctx.go:212.2,212.10 1 1
github.com/ArieDeha/xctx/xctx.go:228.80,229.22 1 1
github.com/ArieDeha/xctx/xctx.go:229.22,231.3 1 1
github.com/ArieDeha/xctx/xctx.go:232.2,233.16 2 1
github.com/ArieDeha/xctx/xctx.go:233.16,235.3 1 1
github.com/ArieDeha/xctx/xctx.go:236.2,237.16 2 1
github.com/ArieDeha/xctx/xctx.go:237.16,239.3 1 1
github.com/ArieDeha/xctx/xctx.go:240.2,240.31 1 1
github.com/ArieDeha/xctx/xctx.go:245.76,247.16 2 1
github.com/ArieDeha/xctx/xctx.go:247.16,249.3 1 1
github.com/ArieDeha/xctx/xctx.go:250.2,251.12 2 1
github.com/ArieDeha/xctx/xctx.go:261.74,265.15 3 1
github.com/ArieDeha/xctx/xctx.go:265.15,267.3 1 1
github.com/ArieDeha/xctx/xctx.go:268.2,268.36 1 1
github.com/ArieDeha/xctx/xctx.go:268.36,270.3 1 1
github.com/ArieDeha/xctx/xctx.go:272.2,273.68 2 1
github.com/ArieDeha/xctx/xctx.go:273.68,275.3 1 1
github.com/ArieDeha/xctx/xctx.go:276.2,276.43 1 1
github.com/ArieDeha/xctx/xctx.go:276.43,278.3 1 1
github.com/ArieDeha/xctx/xctx.go:279.2,280.9 2 1
github.com/ArieDeha/xctx/xctx.go:280.9,282.3 1 1
github.com/ArieDeha/xctx/xctx.go:284.2,285.16 2 1
github.com/ArieDeha/xctx/xctx.go:285.16,287.3 1 1
github.com/ArieDeha/xctx/xctx.go:288.2,289.16 2 1
github.com/ArieDeha/xctx/xctx.go:289.16,291.3 1 1
github.com/ArieDeha/xctx/xctx.go:293.2,295.16 3 1
github.com/ArieDeha/xctx/xctx.go:295.16,297.3 1 1
github.com/ArieDeha/xctx/xctx.go:299.2,300.48 2 1
github.com/ArieDeha/xctx/xctx.go:300.48,302.3 1 1
github.com/ArieDeha/xctx/xctx.go:304.2,305.35 2 1
github.com/ArieDeha/xctx/xctx.go:305.35,307.3 1 1
github.com/ArieDeha/xctx/xctx.go:308.2,308.62 1 1
github.com/ArieDeha/xctx/xctx.go:308.62,310.3 1 1
github.com/ArieDeha/xctx/xctx.go:311.2,311.58 1 1
github.com/ArieDeha/xctx/xctx.go:311.58,313.3 1 0
github.com/ArieDeha/xctx/xctx.go:315.2,315.21 1 1
github.com/ArieDeha/xctx/xctx.go:315.21,317.3 1 1
github.com/ArieDeha/xctx/xctx.go:318.2,318.33 1 0
github.com/ArieDeha/xctx/xctx.go:350.70,352.16 2 1
github.com/ArieDeha/xctx/xctx.go:352.16,354.3 1 1
github.com/ArieDeha/xctx/xctx.go:355.2,365.25 3 1
github.com/ArieDeha/xctx/xctx.go:370.60,373.58 3 1
github.com/ArieDeha/xctx/xctx.go:373.58,375.3 1 1
github.com/ArieDeha/xctx/xctx.go:376.2,378.16 3 1
github.com/ArieDeha/xctx/xctx.go:378.16,380.3 1 0
github.com/ArieDeha/xctx/xctx.go:381.2,389.39 3 1
github.com/ArieDeha/xctx/xctx.go:393.37,394.24 1 1
github.com/ArieDeha/xctx/xctx.go:394.24,396.3 1 1
github.com/ArieDeha/xctx/xctx.go:397.2,397.22 1 1
github.com/ArieDeha/xctx/xctx.go:401.43,403.16 2 1
github.com/ArieDeha/xctx/xctx.go:403.16,405.3 1 0
github.com/ArieDeha/xctx/xctx.go:406.2,406.29 1 1
github.com/ArieDeha/xctx/xctx.go:410.61,412.16 2 1
github.com/ArieDeha/xctx/xctx.go:412.16,414.3 1 0
github.com/ArieDeha/xctx/xctx.go:415.2,415.44 1 1
github.com/ArieDeha/xctx/xctx.go:419.58,421.16 2 1
github.com/ArieDeha/xctx/xctx.go:421.16,423.3 1 0
github.com/ArieDeha/xctx/xctx.go:424.2,424.36 1 1
github.com/ArieDeha/xctx/xctx.go:428.39,428.89 1 1
github.com/ArieDeha/xctx/xctx.go:429.39,429.87 1 1
github.com/ArieDeha/xctx/xctx.go:430.39,430.70 2 1
github.com/ArieDeha/xctx/xctx.go:435.36,441.2 5 1
github.com/ArieDeha/xctx/xctx_config.go:73.38,81.60 6 1
github.com/ArieDeha/xctx/xctx_config.go:81.60,83.17 2 1
github.com/ArieDeha/xctx/xctx_config.go:83.17,85.4 1 1
github.com/ArieDeha/xctx/xctx_config.go:86.3,86.14 1 1
github.com/ArieDeha/xctx/xctx_config.go:89.2,91.68 2 1
github.com/ArieDeha/xctx/xctx_config.go:91.68,93.17 2 1
github.com/ArieDeha/xctx/xctx_config.go:93.17,95.4 1 1
github.com/ArieDeha/xctx/xctx_config.go:96.3,96.21 1 1
github.com/ArieDeha/xctx/xctx_config.go:99.2,99.67 1 1
github.com/ArieDeha/xctx/xctx_config.go:99.67,101.17 2 1
github.com/ArieDeha/xctx/xctx_config.go:101.17,103.4 1 1
github.com/ArieDeha/xctx/xctx_config.go:104.3,104.18 1 1
github.com/ArieDeha/xctx/xctx_config.go:107.2,107.15 1 1
github.com/ArieDeha/xctx/xctx_config.go:113.48,115.32 2 1
github.com/ArieDeha/xctx/xctx_config.go:115.32,117.3 1 1
github.com/ArieDeha/xctx/xctx_config.go:118.2,118.28 1 1
github.com/ArieDeha/xctx/xctx_config.go:118.28,120.3 1 1
github.com/ArieDeha/xctx/xctx_config.go:121.2,121.30 1 1
github.com/ArieDeha/xctx/xctx_config.go:121.30,123.3 1 1
github.com/ArieDeha/xctx/xctx_config.go:124.2,124.23 1 1
github.com/ArieDeha/xctx/xctx_config.go:124.23,126.3 1 1
github.com/ArieDeha/xctx/xctx_config.go:127.2,127.32 1 1
github.com/ArieDeha/xctx/xctx_config.go:127.32,129.3 1 1
github.com/ArieDeha/xctx/xctx_config.go:130.2,130.35 1 1
github.com/ArieDeha/xctx/xctx_config.go:130.35,132.3 1 1
github.com/ArieDeha/xctx/xctx_config.go:133.2,133.32 1 1
github.com/ArieDeha/xctx/xctx_config.go:133.32,135.3 1 1
github.com/ArieDeha/xctx/xctx_config.go:136.2,136.34 1 1
github.com/ArieDeha/xctx/xctx_config.go:136.34,138.3 1 0
github.com/ArieDeha/xctx/xctx_config.go:139.2,139.12 1 1
github.com/ArieDeha/xctx/xctx_config.go:144.39,146.26 2 1
github.com/ArieDeha/xctx/xctx_config.go:146.26,148.3 1 1
github.com/ArieDeha/xctx/xctx_config.go:149.2,149.18 1 1
github.com/ArieDeha/xctx/xctx_config.go:149.18,151.3 1 0
github.com/ArieDeha/xctx/xctx_config.go:152.2,152.28 1 1
github.com/ArieDeha/xctx/xctx_config.go:152.28,154.3 1 1
github.com/ArieDeha/xctx/xctx_config.go:155.2,155.12 1 1
github.com/ArieDeha/xctx/xctx_config.go:160.34,161.24 1 1
github.com/ArieDeha/xctx/xctx_config.go:161.24,163.3 1 0
github.com/ArieDeha/xctx/xctx_config.go:164.2,164.24 1 1
github.com/ArieDeha/xctx/xctx_config.go:164.24,166.3 1 1
github.com/ArieDeha/xctx/xctx_config.go:167.2,167.29 1 1
github.com/ArieDeha/xctx/xctx_config.go:167.29,169.3 1 1
github.com/ArieDeha/xctx/xctx_config.go:170.2,170.34 1 1
github.com/ArieDeha/xctx/xctx_config.go:170.34,171.19 1 1
github.com/ArieDeha/xctx/xctx_config.go:171.19,173.4 1 0
github.com/ArieDeha/xctx/xctx_config.go:175.2,175.16 1 1
github.com/ArieDeha/xctx/xctx_config.go:175.16,177.3 1 1
github.com/ArieDeha/xctx/xctx_config.go:178.2,178.12 1 1
github.com/ArieDeha/xctx/xctx_config.go:183.44,185.16 2 1
github.com/ArieDeha/xctx/xctx_config.go:185.16,187.3 1 1
github.com/ArieDeha/xctx/xctx_config.go:188.2,189.39 2 1
github.com/ArieDeha/xctx/xctx_config.go:189.39,191.3 1 1
github.com/ArieDeha/xctx/xctx_config.go:192.2,192.17 1 1
github.com/ArieDeha/xctx/xctx_config.go:197.116,198.39 1 1
github.com/ArieDeha/xctx/xctx_config.go:198.39,200.3 1 0
github.com/ArieDeha/xctx/xctx_config.go:201.2,202.16 2 1
github.com/ArieDeha/xctx/xctx_config.go:202.16,204.3 1 0
github.com/ArieDeha/xctx/xctx_config.go:205.2,211.20 2 1
github.com/ArieDeha/xctx/xctx_config.go:211.20,213.3 1 1
github.com/ArieDeha/xctx/xctx_config.go:214.2,214.19 1 1
github.com/ArieDeha/xctx/xctx_config.go:214.19,216.3 1 1
github.com/ArieDeha/xctx/xctx_config.go:217.2,217.16 1 1
github.com/ArieDeha/xctx/xctx_config.go:217.16,219.3 1 1
github.com/ArieDeha/xctx/xctx_config.go:220.2,220.38 1 1
github.com/ArieDeha/xctx/xctx_config.go:225.124,227.16 2 1
github.com/ArieDeha/xctx/xctx_config.go:227.16,229.3 1 0
github.com/ArieDeha/xctx/xctx_config.go:230.2,230.49 1 1
github.com/ArieDeha/xctx/xctx_config.go:239.112,240.39 1 1
github.com/ArieDeha/xctx/xctx_config.go:240.39,242.3 1 0
github.com/ArieDeha/xctx/xctx_config.go:243.2,244.16 2 1
github.com/ArieDeha/xctx/xctx_config.go:244.16,246.3 1 0
github.com/ArieDeha/xctx/xctx_config.go:247.2,248.16 2 1
github.com/ArieDeha/xctx/xctx_config.go:248.16,250.3 1 1
github.com/ArieDeha/xctx/xctx_config.go:250.8,252.17 2 1
github.com/ArieDeha/xctx/xctx_config.go:252.17,254.4 1 0
github.com/ArieDeha/xctx/xctx_config.go:255.3,255.27 1 1
github.com/ArieDeha/xctx/xctx_config.go:257.2,265.16 2 1
github.com/ArieDeha/xctx/xctx_config.go:265.16,267.3 1 1
github.com/ArieDeha/xctx/xctx_config.go:268.2,268.41 1 1
github.com/ArieDeha/xctx/xctx_config.go:273.120,275.16 2 1
github.com/ArieDeha/xctx/xctx_config.go:275.16,277.3 1 1
github.com/ArieDeha/xctx/xctx_config.go:278.2,278.44 1 1
github.com/ArieDeha/xctx/xctx_config.go:285.48,287.13 2 1
github.com/ArieDeha/xctx/xctx_config.go:287.13,289.3 1 0
github.com/ArieDeha/xctx/xctx_config.go:290.2,291.34 1 1
github.com/ArieDeha/xctx/xctx_config.go:291.34,291.82 1 1
github.com/ArieDeha/xctx/xctx_config.go:292.34,292.79 1 1
github.com/ArieDeha/xctx/xctx_config.go:293.34,293.64 1 1
github.com/ArieDeha/xctx/xctx_config.go:294.34,294.59 1 1
github.com/ArieDeha/xctx/xctx_config.go:296.2,296.26 1 1
github.com/ArieDeha/xctx/xctx_config.go:296.26,298.33 2 1
github.com/ArieDeha/xctx/xctx_config.go:298.33,300.4 1 1
github.com/ArieDeha/xctx/xctx_config.go:302.2,302.67 1 1
github.com/ArieDeha/xctx/xctx_config.go:307.58,309.45 2 1
github.com/ArieDeha/xctx/xctx_config.go:309.45,311.17 2 1
github.com/ArieDeha/xctx/xctx_config.go:311.17,312.12 1 0
github.com/ArieDeha/xctx/xctx_config.go:314.3,315.19 2 1
github.com/ArieDeha/xctx/xctx_config.go:315.19,317.4 1 1
github.com/ArieDeha/xctx/xctx_config.go:318.3,319.16 2 1
github.com/ArieDeha/xctx/xctx_config.go:319.16,321.4 1 0
github.com/ArieDeha/xctx/xctx_config.go:322.3,323.17 2 1
github.com/ArieDeha/xctx/xctx_config.go:323.17,325.4 1 1
github.com/ArieDeha/xctx/xctx_config.go:326.3,326.15 1 1
github.com/ArieDeha/xctx/xctx_config.go:328.2,328.15 1 1
